<?xml version="1.0" encoding="UTF-8"?>
<testsuite name="FibonacciTest" tests="1" skipped="1" failures="0" errors="0" timestamp="2015-10-14T16:43:32" hostname="Lacey-Laborde.local" time="0.0">
  <properties/>
  <testcase name="shouldReturnAnArrayWithTheListOfNumbersInThatSequence" classname="FibonacciTest" time="0.0">
    <skipped/>
  </testcase>
  <system-out><![CDATA[]]></system-out>
  <system-err><![CDATA[]]></system-err>
</testsuite>
