<?xml version="1.0" encoding="UTF-8"?>
<testsuite name="SameArraysTest" tests="1" skipped="0" failures="0" errors="0" timestamp="2015-10-14T16:43:32" hostname="Lacey-Laborde.local" time="0.001">
  <properties/>
  <testcase name="shouldReturnTrueWhenCheckingTwoEmptyArrays" classname="SameArraysTest" time="0.001"/>
  <system-out><![CDATA[]]></system-out>
  <system-err><![CDATA[]]></system-err>
</testsuite>
